SF:lib/data/model/post/post_model.dart
DA:7,1
DA:10,1
DA:11,1
DA:12,1
DA:13,1
DA:14,1
DA:17,1
DA:18,1
DA:19,1
DA:20,1
DA:21,1
DA:25,0
DA:26,0
DA:27,0
DA:28,0
DA:29,0
DA:33,0
DA:34,0
LF:18
LH:11
end_of_record
SF:lib/domain/usecase/post/clear_all_post.dart
DA:6,1
DA:7,2
LF:2
LH:2
end_of_record
SF:lib/domain/usecase/post/delete_post.dart
DA:8,1
DA:9,2
LF:2
LH:2
end_of_record
SF:lib/domain/usecase/post/edit_post.dart
DA:8,1
DA:9,2
LF:2
LH:2
end_of_record
SF:lib/domain/usecase/post/fetch_all_posts.dart
DA:8,1
DA:9,2
LF:2
LH:2
end_of_record
SF:lib/domain/usecase/post/get_post_by_id.dart
DA:8,1
DA:9,2
LF:2
LH:2
end_of_record
SF:lib/domain/usecase/post/save_post.dart
DA:8,1
DA:9,2
LF:2
LH:2
end_of_record
SF:lib/data/repository/post/post_repository.dart
DA:7,1
DA:9,2
DA:12,1
DA:14,1
DA:15,2
DA:18,1
DA:20,2
DA:23,1
DA:25,2
DA:28,1
DA:30,1
DA:31,2
DA:34,1
DA:36,2
LF:14
LH:14
end_of_record
SF:lib/data/source/local/local_source.dart
DA:8,1
DA:9,3
DA:12,1
DA:13,1
DA:16,1
DA:17,2
DA:20,1
DA:21,1
DA:22,0
DA:26,3
DA:27,2
DA:28,1
DA:30,2
DA:37,1
DA:38,1
DA:39,0
DA:43,2
DA:44,2
DA:45,2
DA:46,2
DA:51,2
DA:58,1
DA:59,1
DA:60,0
DA:63,2
DA:64,1
DA:71,1
DA:72,1
DA:73,0
DA:76,1
DA:77,1
DA:78,4
DA:79,1
DA:80,0
DA:86,1
DA:87,1
DA:88,0
DA:90,1
DA:94,4
DA:97,1
DA:98,1
DA:99,1
DA:102,2
LF:43
LH:37
end_of_record
